  character.cpp
E:\C C++\SimpleRpg\character.cpp(20,11): warning C4244: =: преобразование "float" в "int", возможна потеря данных
E:\C C++\SimpleRpg\character.cpp(47,34): warning C4244: аргумент: преобразование "int" в "T", возможна потеря данных
          with
          [
              T=float
          ]
E:\C C++\SimpleRpg\character.cpp(47,26): warning C4244: аргумент: преобразование "int" в "T", возможна потеря данных
          with
          [
              T=float
          ]
E:\C C++\SimpleRpg\character.cpp(73,13): warning C4244: инициализация: преобразование "T" в "int", возможна потеря данных
          with
          [
              T=float
          ]
E:\C C++\SimpleRpg\character.cpp(74,14): warning C4244: инициализация: преобразование "T" в "int", возможна потеря данных
          with
          [
              T=float
          ]
E:\C C++\SimpleRpg\character.cpp(86,29): warning C4244: =: преобразование "int" в "T", возможна потеря данных
          with
          [
              T=float
          ]
E:\C C++\SimpleRpg\character.cpp(90,29): warning C4244: =: преобразование "int" в "T", возможна потеря данных
          with
          [
              T=float
          ]
E:\C C++\SimpleRpg\character.cpp(94,29): warning C4244: =: преобразование "int" в "T", возможна потеря данных
          with
          [
              T=float
          ]
E:\C C++\SimpleRpg\character.cpp(98,29): warning C4244: =: преобразование "int" в "T", возможна потеря данных
          with
          [
              T=float
          ]
  enemy.cpp
E:\C C++\SimpleRpg\enemy.cpp(5,12): warning C4244: аргумент: преобразование "time_t" в "unsigned int", возможна потеря данных
E:\C C++\SimpleRpg\enemy.cpp(40,38): warning C4244: +=: преобразование "double" в "float", возможна потеря данных
E:\C C++\SimpleRpg\enemy.cpp(56,34): warning C4244: аргумент: преобразование "int" в "T", возможна потеря данных
          with
          [
              T=float
          ]
E:\C C++\SimpleRpg\enemy.cpp(56,26): warning C4244: аргумент: преобразование "int" в "T", возможна потеря данных
          with
          [
              T=float
          ]
  engine.cpp
E:\C C++\SimpleRpg\engine.cpp(7,12): warning C4244: аргумент: преобразование "time_t" в "unsigned int", возможна потеря данных
E:\C C++\SimpleRpg\engine.cpp(18,52): warning C4244: аргумент: преобразование "T" в "unsigned int", возможна потеря данных
          with
          [
              T=float
          ]
E:\C C++\SimpleRpg\engine.cpp(18,38): warning C4244: аргумент: преобразование "T" в "unsigned int", возможна потеря данных
          with
          [
              T=float
          ]
E:\C C++\SimpleRpg\engine.cpp(51,39): warning C4305: аргумент: усечение из "double" в "float"
E:\C C++\SimpleRpg\engine.cpp(204,51): warning C4244: +=: преобразование "double" в "float", возможна потеря данных
E:\C C++\SimpleRpg\engine.cpp(225,51): warning C4244: +=: преобразование "double" в "float", возможна потеря данных
E:\C C++\SimpleRpg\engine.cpp(246,51): warning C4244: +=: преобразование "double" в "float", возможна потеря данных
E:\C C++\SimpleRpg\engine.cpp(267,51): warning C4244: +=: преобразование "double" в "float", возможна потеря данных
E:\C C++\SimpleRpg\engine.cpp(300,44): warning C4244: +=: преобразование "double" в "float", возможна потеря данных
E:\C C++\SimpleRpg\engine.cpp(363,15): warning C4244: =: преобразование "double" в "int", возможна потеря данных
E:\C C++\SimpleRpg\engine.cpp(546,54): warning C4244: =: преобразование "float" в "int", возможна потеря данных
  main.cpp
  Создание кода
  Создание кода завершено
  19 of 219 functions ( 8.7%) were compiled, the rest were copied from previous compilation.
    3 functions were new in current compilation
    10 functions had inline decision re-evaluated but remain unchanged
  SimpleRpg.vcxproj -> E:\C C++\SimpleRpg\x64\Release\SimpleRpg.exe
